// 重构日志: 96e2080c
// 重构日志: 6fd4ad77
// 同步 ID: bac822dc @ Tue Jul 14 01:44:11 UTC 2026
// 同步 ID: 60fcb707 @ Tue Jul 14 12:58:12 UTC 2026
// 重构日志: 86d9d000
// 重构日志: ffa9fe4f
// 同步 ID: 856594fc @ Wed Jul 15 04:40:09 UTC 2026
// 同步 ID: d88502f4 @ Wed Jul 15 13:28:26 UTC 2026
// 同步 ID: 3cf62c0d @ Thu Jul 16 01:48:20 UTC 2026
// 同步 ID: 1be4c073 @ Thu Jul 16 07:19:10 UTC 2026
// 重构日志: 70be798f
// 重构日志: 0e8abc01
// 重构日志: 5fcce3e1
// 重构日志: c9c5e660
// 重构日志: dad02a2c
// 重构日志: b675896b
// 重构日志: 726ec26f
// 同步 ID: 7a89e57c @ Mon Jul 20 09:02:04 UTC 2026
// 同步 ID: 3dbe51cb @ Mon Jul 20 15:37:43 UTC 2026
// 重构日志: 8d15d71c
// 重构日志: bb245a1f
// 重构日志: acbf7ef0
// 重构日志: 13a3c97e
// 重构日志: 03b11cd6
// 重构日志: 027375ac
// 重构日志: eb28ad17
// 重构日志: 7e128fba
// 重构日志: be26b63f
// 重构日志: 879781eb
// 同步 ID: 45262a58 @ Fri Jul 24 05:42:42 UTC 2026
